
*** Running vivado
    with args -log mxfp8_dotp.vds -m64 -product Vivado -mode batch -messageDb vivado.pb -notrace -source mxfp8_dotp.tcl



****** Vivado v2025.1 (64-bit)
  **** SW Build 6140274 on Thu May 22 00:12:29 MDT 2025
  **** IP Build 6138677 on Thu May 22 03:10:11 MDT 2025
  **** SharedData Build 6139179 on Tue May 20 17:58:58 MDT 2025
  **** Start of session at: Thu Nov 13 14:31:46 2025
    ** Copyright 1986-2022 Xilinx, Inc. All Rights Reserved.
    ** Copyright 2022-2025 Advanced Micro Devices, Inc. All Rights Reserved.

source mxfp8_dotp.tcl -notrace
Command: read_checkpoint -auto_incremental -incremental D:/Master2_1/Master_thesis/MX-tensorcore-with-RISC-V-extension/mxfp8/mxfp8.srcs/utils_1/imports/synth_1/mxfp8_dotp.dcp
INFO: [Vivado 12-5825] Read reference checkpoint from D:/Master2_1/Master_thesis/MX-tensorcore-with-RISC-V-extension/mxfp8/mxfp8.srcs/utils_1/imports/synth_1/mxfp8_dotp.dcp for incremental synthesis
INFO: [Vivado 12-7989] Please ensure there are no constraint changes
Command: synth_design -top mxfp8_dotp -part xc7a100tlfgg484-2L
Starting synth_design
Attempting to get a license for feature 'Synthesis' and/or device 'xc7a100tl'
INFO: [Common 17-349] Got license for feature 'Synthesis' and/or device 'xc7a100tl'
INFO: [Designutils 20-5440] No compile time benefit to using incremental synthesis; A full resynthesis will be run
INFO: [Designutils 20-4379] Flow is switching to default flow due to incremental criteria not met. If you would like to alter this behaviour and have the flow terminate instead, please set the following parameter config_implementation {autoIncr.Synth.RejectBehavior Terminate}
INFO: [Synth 8-7079] Multithreading enabled for synth_design using a maximum of 2 processes.
INFO: [Synth 8-7078] Launching helper process for spawning children vivado processes
INFO: [Synth 8-7075] Helper process launched with PID 18096
---------------------------------------------------------------------------------
Starting Synthesize : Time (s): cpu = 00:00:03 ; elapsed = 00:00:04 . Memory (MB): peak = 1002.812 ; gain = 497.145
---------------------------------------------------------------------------------
WARNING: [Synth 8-11495] assignment pattern cannot be used in static casting [D:/Master2_1/Master_thesis/MX-tensorcore-with-RISC-V-extension/mxfp8/mxfp8.srcs/sources_1/new/mxfp8_pkg.sv:31]
WARNING: [Synth 8-11495] assignment pattern cannot be used in static casting [D:/Master2_1/Master_thesis/MX-tensorcore-with-RISC-V-extension/mxfp8/mxfp8.srcs/sources_1/new/mxfp8_pkg.sv:32]
WARNING: [Synth 8-11495] assignment pattern cannot be used in static casting [D:/Master2_1/Master_thesis/MX-tensorcore-with-RISC-V-extension/mxfp8/mxfp8.srcs/sources_1/new/mxfp8_pkg.sv:33]
INFO: [Synth 8-6157] synthesizing module 'mxfp8_dotp' [D:/Master2_1/Master_thesis/MX-tensorcore-with-RISC-V-extension/mxfp8/mxfp8.srcs/sources_1/new/mxfp8_dotp.sv:23]
INFO: [Synth 8-6157] synthesizing module 'mxfp8_classifier' [D:/Master2_1/Master_thesis/MX-tensorcore-with-RISC-V-extension/mxfp8/mxfp8.srcs/sources_1/new/mxfp8_classifier.sv:1]
	Parameter NumOperands bound to: 32'b00000000000000000000000000100000 
	Parameter MX bound to: 32'b00000000000000000000000000000001 
	Parameter SUPER_SRC_MAN_WIDTH bound to: 32'b00000000000000000000000000000011 
	Parameter SUPER_SRC_EXP_WIDTH bound to: 32'b00000000000000000000000000000101 
	Parameter SRC_WIDTH bound to: 32'b00000000000000000000000000001000 
INFO: [Synth 8-294] found qualifier unique on case statement: implementing as parallel_case [D:/Master2_1/Master_thesis/MX-tensorcore-with-RISC-V-extension/mxfp8/mxfp8.srcs/sources_1/new/mxfp8_classifier.sv:22]
INFO: [Synth 8-6155] done synthesizing module 'mxfp8_classifier' (0#1) [D:/Master2_1/Master_thesis/MX-tensorcore-with-RISC-V-extension/mxfp8/mxfp8.srcs/sources_1/new/mxfp8_classifier.sv:1]
INFO: [Synth 8-6157] synthesizing module 'mxfp8_mult' [D:/Master2_1/Master_thesis/MX-tensorcore-with-RISC-V-extension/mxfp8/mxfp8.srcs/sources_1/new/mxfp8_mult.sv:21]
	Parameter VectorSize bound to: 32'b00000000000000000000000000100000 
	Parameter PROD_MAN_WIDTH bound to: 32'b00000000000000000000000000001000 
	Parameter PROD_EXP_WIDTH bound to: 32'b00000000000000000000000000001000 
INFO: [Synth 8-6155] done synthesizing module 'mxfp8_mult' (0#1) [D:/Master2_1/Master_thesis/MX-tensorcore-with-RISC-V-extension/mxfp8/mxfp8.srcs/sources_1/new/mxfp8_mult.sv:21]
INFO: [Synth 8-6157] synthesizing module 'adder_tree' [D:/Master2_1/Master_thesis/MX-tensorcore-with-RISC-V-extension/mxfp8/mxfp8.srcs/sources_1/new/adder_tree.sv:1]
	Parameter VectorSize bound to: 32'b00000000000000000000000000100000 
	Parameter PROD_EXP_WIDTH bound to: 32'b00000000000000000000000000001000 
	Parameter PROD_MAN_WIDTH bound to: 32'b00000000000000000000000000001000 
	Parameter NORM_MAN_WIDTH bound to: 16 - type: integer 
	Parameter SCALE_WIDTH bound to: 32'b00000000000000000000000000001000 
INFO: [Synth 8-6157] synthesizing module 'csa_tree' [D:/Master2_1/Master_thesis/MX-tensorcore-with-RISC-V-extension/mxfp8/mxfp8.srcs/sources_1/new/adder_tree.sv:95]
	Parameter VectorSize bound to: 32'b00000000000000000000000000100000 
	Parameter WIDTH_I bound to: 16 - type: integer 
INFO: [Synth 8-6157] synthesizing module 'csa_tree__parameterized0' [D:/Master2_1/Master_thesis/MX-tensorcore-with-RISC-V-extension/mxfp8/mxfp8.srcs/sources_1/new/adder_tree.sv:95]
	Parameter VectorSize bound to: 32'b00000000000000000000000000010000 
	Parameter WIDTH_I bound to: 16 - type: integer 
	Parameter WIDTH_O bound to: 32'b00000000000000000000000000010101 
INFO: [Synth 8-6157] synthesizing module 'csa_tree__parameterized1' [D:/Master2_1/Master_thesis/MX-tensorcore-with-RISC-V-extension/mxfp8/mxfp8.srcs/sources_1/new/adder_tree.sv:95]
	Parameter VectorSize bound to: 32'b00000000000000000000000000001000 
	Parameter WIDTH_I bound to: 16 - type: integer 
	Parameter WIDTH_O bound to: 32'b00000000000000000000000000010101 
INFO: [Synth 8-6157] synthesizing module 'csa_tree__parameterized2' [D:/Master2_1/Master_thesis/MX-tensorcore-with-RISC-V-extension/mxfp8/mxfp8.srcs/sources_1/new/adder_tree.sv:95]
	Parameter VectorSize bound to: 32'b00000000000000000000000000000100 
	Parameter WIDTH_I bound to: 16 - type: integer 
	Parameter WIDTH_O bound to: 32'b00000000000000000000000000010101 
INFO: [Synth 8-6157] synthesizing module 'compressor_4to2' [D:/Master2_1/Master_thesis/MX-tensorcore-with-RISC-V-extension/mxfp8/mxfp8.srcs/sources_1/new/adder_tree.sv:183]
	Parameter WIDTH_I bound to: 16 - type: integer 
	Parameter WIDTH_O bound to: 32'b00000000000000000000000000010101 
INFO: [Synth 8-6157] synthesizing module 'counter_5to3' [D:/Master2_1/Master_thesis/MX-tensorcore-with-RISC-V-extension/mxfp8/mxfp8.srcs/sources_1/new/adder_tree.sv:229]
INFO: [Synth 8-6155] done synthesizing module 'counter_5to3' (0#1) [D:/Master2_1/Master_thesis/MX-tensorcore-with-RISC-V-extension/mxfp8/mxfp8.srcs/sources_1/new/adder_tree.sv:229]
INFO: [Synth 8-6155] done synthesizing module 'compressor_4to2' (0#1) [D:/Master2_1/Master_thesis/MX-tensorcore-with-RISC-V-extension/mxfp8/mxfp8.srcs/sources_1/new/adder_tree.sv:183]
INFO: [Synth 8-6155] done synthesizing module 'csa_tree__parameterized2' (0#1) [D:/Master2_1/Master_thesis/MX-tensorcore-with-RISC-V-extension/mxfp8/mxfp8.srcs/sources_1/new/adder_tree.sv:95]
INFO: [Synth 8-6157] synthesizing module 'compressor_4to2__parameterized0' [D:/Master2_1/Master_thesis/MX-tensorcore-with-RISC-V-extension/mxfp8/mxfp8.srcs/sources_1/new/adder_tree.sv:183]
	Parameter WIDTH_I bound to: 32'b00000000000000000000000000010101 
	Parameter WIDTH_O bound to: 32'b00000000000000000000000000010101 
WARNING: [Synth 8-4447] negative replication count -1 - replication ignored [D:/Master2_1/Master_thesis/MX-tensorcore-with-RISC-V-extension/mxfp8/mxfp8.srcs/sources_1/new/adder_tree.sv:226]
WARNING: [Synth 8-4447] negative replication count -1 - replication ignored [D:/Master2_1/Master_thesis/MX-tensorcore-with-RISC-V-extension/mxfp8/mxfp8.srcs/sources_1/new/adder_tree.sv:226]
INFO: [Synth 8-6155] done synthesizing module 'compressor_4to2__parameterized0' (0#1) [D:/Master2_1/Master_thesis/MX-tensorcore-with-RISC-V-extension/mxfp8/mxfp8.srcs/sources_1/new/adder_tree.sv:183]
INFO: [Synth 8-6155] done synthesizing module 'csa_tree__parameterized1' (0#1) [D:/Master2_1/Master_thesis/MX-tensorcore-with-RISC-V-extension/mxfp8/mxfp8.srcs/sources_1/new/adder_tree.sv:95]
INFO: [Synth 8-6155] done synthesizing module 'csa_tree__parameterized0' (0#1) [D:/Master2_1/Master_thesis/MX-tensorcore-with-RISC-V-extension/mxfp8/mxfp8.srcs/sources_1/new/adder_tree.sv:95]
INFO: [Synth 8-6155] done synthesizing module 'csa_tree' (0#1) [D:/Master2_1/Master_thesis/MX-tensorcore-with-RISC-V-extension/mxfp8/mxfp8.srcs/sources_1/new/adder_tree.sv:95]
INFO: [Synth 8-6155] done synthesizing module 'adder_tree' (0#1) [D:/Master2_1/Master_thesis/MX-tensorcore-with-RISC-V-extension/mxfp8/mxfp8.srcs/sources_1/new/adder_tree.sv:1]
WARNING: [Synth 8-689] width (16) of port connection 'sum_man' does not match port width (22) of module 'adder_tree' [D:/Master2_1/Master_thesis/MX-tensorcore-with-RISC-V-extension/mxfp8/mxfp8.srcs/sources_1/new/mxfp8_dotp.sv:168]
INFO: [Synth 8-6157] synthesizing module 'stage8_fp32_accumulator' [D:/Master2_1/Master_thesis/MX-tensorcore-with-RISC-V-extension/mxfp8/mxfp8.srcs/sources_1/new/stage8_fp32_accumulation.sv:1]
	Parameter MANT_WIDTH bound to: 8 - type: integer 
	Parameter NORM_MAN_WIDTH bound to: 16 - type: integer 
	Parameter EXP_WIDTH bound to: 8 - type: integer 
INFO: [Synth 8-6155] done synthesizing module 'stage8_fp32_accumulator' (0#1) [D:/Master2_1/Master_thesis/MX-tensorcore-with-RISC-V-extension/mxfp8/mxfp8.srcs/sources_1/new/stage8_fp32_accumulation.sv:1]
WARNING: [Synth 8-689] width (9) of port connection 'a_exp' does not match port width (8) of module 'stage8_fp32_accumulator' [D:/Master2_1/Master_thesis/MX-tensorcore-with-RISC-V-extension/mxfp8/mxfp8.srcs/sources_1/new/mxfp8_dotp.sv:186]
INFO: [Synth 8-6155] done synthesizing module 'mxfp8_dotp' (0#1) [D:/Master2_1/Master_thesis/MX-tensorcore-with-RISC-V-extension/mxfp8/mxfp8.srcs/sources_1/new/mxfp8_dotp.sv:23]
WARNING: [Synth 8-3848] Net gen_num_values[31].is_boxed in module/entity mxfp8_classifier does not have driver. [D:/Master2_1/Master_thesis/MX-tensorcore-with-RISC-V-extension/mxfp8/mxfp8.srcs/sources_1/new/mxfp8_classifier.sv:42]
WARNING: [Synth 8-3848] Net gen_num_values[30].is_boxed in module/entity mxfp8_classifier does not have driver. [D:/Master2_1/Master_thesis/MX-tensorcore-with-RISC-V-extension/mxfp8/mxfp8.srcs/sources_1/new/mxfp8_classifier.sv:42]
WARNING: [Synth 8-3848] Net gen_num_values[29].is_boxed in module/entity mxfp8_classifier does not have driver. [D:/Master2_1/Master_thesis/MX-tensorcore-with-RISC-V-extension/mxfp8/mxfp8.srcs/sources_1/new/mxfp8_classifier.sv:42]
WARNING: [Synth 8-3848] Net gen_num_values[28].is_boxed in module/entity mxfp8_classifier does not have driver. [D:/Master2_1/Master_thesis/MX-tensorcore-with-RISC-V-extension/mxfp8/mxfp8.srcs/sources_1/new/mxfp8_classifier.sv:42]
WARNING: [Synth 8-3848] Net gen_num_values[27].is_boxed in module/entity mxfp8_classifier does not have driver. [D:/Master2_1/Master_thesis/MX-tensorcore-with-RISC-V-extension/mxfp8/mxfp8.srcs/sources_1/new/mxfp8_classifier.sv:42]
WARNING: [Synth 8-3848] Net gen_num_values[26].is_boxed in module/entity mxfp8_classifier does not have driver. [D:/Master2_1/Master_thesis/MX-tensorcore-with-RISC-V-extension/mxfp8/mxfp8.srcs/sources_1/new/mxfp8_classifier.sv:42]
WARNING: [Synth 8-3848] Net gen_num_values[25].is_boxed in module/entity mxfp8_classifier does not have driver. [D:/Master2_1/Master_thesis/MX-tensorcore-with-RISC-V-extension/mxfp8/mxfp8.srcs/sources_1/new/mxfp8_classifier.sv:42]
WARNING: [Synth 8-3848] Net gen_num_values[24].is_boxed in module/entity mxfp8_classifier does not have driver. [D:/Master2_1/Master_thesis/MX-tensorcore-with-RISC-V-extension/mxfp8/mxfp8.srcs/sources_1/new/mxfp8_classifier.sv:42]
WARNING: [Synth 8-3848] Net gen_num_values[23].is_boxed in module/entity mxfp8_classifier does not have driver. [D:/Master2_1/Master_thesis/MX-tensorcore-with-RISC-V-extension/mxfp8/mxfp8.srcs/sources_1/new/mxfp8_classifier.sv:42]
WARNING: [Synth 8-3848] Net gen_num_values[22].is_boxed in module/entity mxfp8_classifier does not have driver. [D:/Master2_1/Master_thesis/MX-tensorcore-with-RISC-V-extension/mxfp8/mxfp8.srcs/sources_1/new/mxfp8_classifier.sv:42]
WARNING: [Synth 8-3848] Net gen_num_values[21].is_boxed in module/entity mxfp8_classifier does not have driver. [D:/Master2_1/Master_thesis/MX-tensorcore-with-RISC-V-extension/mxfp8/mxfp8.srcs/sources_1/new/mxfp8_classifier.sv:42]
WARNING: [Synth 8-3848] Net gen_num_values[20].is_boxed in module/entity mxfp8_classifier does not have driver. [D:/Master2_1/Master_thesis/MX-tensorcore-with-RISC-V-extension/mxfp8/mxfp8.srcs/sources_1/new/mxfp8_classifier.sv:42]
WARNING: [Synth 8-3848] Net gen_num_values[19].is_boxed in module/entity mxfp8_classifier does not have driver. [D:/Master2_1/Master_thesis/MX-tensorcore-with-RISC-V-extension/mxfp8/mxfp8.srcs/sources_1/new/mxfp8_classifier.sv:42]
WARNING: [Synth 8-3848] Net gen_num_values[18].is_boxed in module/entity mxfp8_classifier does not have driver. [D:/Master2_1/Master_thesis/MX-tensorcore-with-RISC-V-extension/mxfp8/mxfp8.srcs/sources_1/new/mxfp8_classifier.sv:42]
WARNING: [Synth 8-3848] Net gen_num_values[17].is_boxed in module/entity mxfp8_classifier does not have driver. [D:/Master2_1/Master_thesis/MX-tensorcore-with-RISC-V-extension/mxfp8/mxfp8.srcs/sources_1/new/mxfp8_classifier.sv:42]
WARNING: [Synth 8-3848] Net gen_num_values[16].is_boxed in module/entity mxfp8_classifier does not have driver. [D:/Master2_1/Master_thesis/MX-tensorcore-with-RISC-V-extension/mxfp8/mxfp8.srcs/sources_1/new/mxfp8_classifier.sv:42]
WARNING: [Synth 8-3848] Net gen_num_values[15].is_boxed in module/entity mxfp8_classifier does not have driver. [D:/Master2_1/Master_thesis/MX-tensorcore-with-RISC-V-extension/mxfp8/mxfp8.srcs/sources_1/new/mxfp8_classifier.sv:42]
WARNING: [Synth 8-3848] Net gen_num_values[14].is_boxed in module/entity mxfp8_classifier does not have driver. [D:/Master2_1/Master_thesis/MX-tensorcore-with-RISC-V-extension/mxfp8/mxfp8.srcs/sources_1/new/mxfp8_classifier.sv:42]
WARNING: [Synth 8-3848] Net gen_num_values[13].is_boxed in module/entity mxfp8_classifier does not have driver. [D:/Master2_1/Master_thesis/MX-tensorcore-with-RISC-V-extension/mxfp8/mxfp8.srcs/sources_1/new/mxfp8_classifier.sv:42]
WARNING: [Synth 8-3848] Net gen_num_values[12].is_boxed in module/entity mxfp8_classifier does not have driver. [D:/Master2_1/Master_thesis/MX-tensorcore-with-RISC-V-extension/mxfp8/mxfp8.srcs/sources_1/new/mxfp8_classifier.sv:42]
WARNING: [Synth 8-3848] Net gen_num_values[11].is_boxed in module/entity mxfp8_classifier does not have driver. [D:/Master2_1/Master_thesis/MX-tensorcore-with-RISC-V-extension/mxfp8/mxfp8.srcs/sources_1/new/mxfp8_classifier.sv:42]
WARNING: [Synth 8-3848] Net gen_num_values[10].is_boxed in module/entity mxfp8_classifier does not have driver. [D:/Master2_1/Master_thesis/MX-tensorcore-with-RISC-V-extension/mxfp8/mxfp8.srcs/sources_1/new/mxfp8_classifier.sv:42]
WARNING: [Synth 8-3848] Net gen_num_values[9].is_boxed in module/entity mxfp8_classifier does not have driver. [D:/Master2_1/Master_thesis/MX-tensorcore-with-RISC-V-extension/mxfp8/mxfp8.srcs/sources_1/new/mxfp8_classifier.sv:42]
WARNING: [Synth 8-3848] Net gen_num_values[8].is_boxed in module/entity mxfp8_classifier does not have driver. [D:/Master2_1/Master_thesis/MX-tensorcore-with-RISC-V-extension/mxfp8/mxfp8.srcs/sources_1/new/mxfp8_classifier.sv:42]
WARNING: [Synth 8-3848] Net gen_num_values[7].is_boxed in module/entity mxfp8_classifier does not have driver. [D:/Master2_1/Master_thesis/MX-tensorcore-with-RISC-V-extension/mxfp8/mxfp8.srcs/sources_1/new/mxfp8_classifier.sv:42]
WARNING: [Synth 8-3848] Net gen_num_values[6].is_boxed in module/entity mxfp8_classifier does not have driver. [D:/Master2_1/Master_thesis/MX-tensorcore-with-RISC-V-extension/mxfp8/mxfp8.srcs/sources_1/new/mxfp8_classifier.sv:42]
WARNING: [Synth 8-3848] Net gen_num_values[5].is_boxed in module/entity mxfp8_classifier does not have driver. [D:/Master2_1/Master_thesis/MX-tensorcore-with-RISC-V-extension/mxfp8/mxfp8.srcs/sources_1/new/mxfp8_classifier.sv:42]
WARNING: [Synth 8-3848] Net gen_num_values[4].is_boxed in module/entity mxfp8_classifier does not have driver. [D:/Master2_1/Master_thesis/MX-tensorcore-with-RISC-V-extension/mxfp8/mxfp8.srcs/sources_1/new/mxfp8_classifier.sv:42]
WARNING: [Synth 8-3848] Net gen_num_values[3].is_boxed in module/entity mxfp8_classifier does not have driver. [D:/Master2_1/Master_thesis/MX-tensorcore-with-RISC-V-extension/mxfp8/mxfp8.srcs/sources_1/new/mxfp8_classifier.sv:42]
WARNING: [Synth 8-3848] Net gen_num_values[2].is_boxed in module/entity mxfp8_classifier does not have driver. [D:/Master2_1/Master_thesis/MX-tensorcore-with-RISC-V-extension/mxfp8/mxfp8.srcs/sources_1/new/mxfp8_classifier.sv:42]
WARNING: [Synth 8-3848] Net gen_num_values[1].is_boxed in module/entity mxfp8_classifier does not have driver. [D:/Master2_1/Master_thesis/MX-tensorcore-with-RISC-V-extension/mxfp8/mxfp8.srcs/sources_1/new/mxfp8_classifier.sv:42]
WARNING: [Synth 8-3848] Net gen_num_values[0].is_boxed in module/entity mxfp8_classifier does not have driver. [D:/Master2_1/Master_thesis/MX-tensorcore-with-RISC-V-extension/mxfp8/mxfp8.srcs/sources_1/new/mxfp8_classifier.sv:42]
WARNING: [Synth 8-3917] design mxfp8_dotp has port result_o[7] driven by constant 0
WARNING: [Synth 8-3917] design mxfp8_dotp has port result_o[6] driven by constant 0
WARNING: [Synth 8-3917] design mxfp8_dotp has port result_o[5] driven by constant 0
WARNING: [Synth 8-3917] design mxfp8_dotp has port result_o[4] driven by constant 0
WARNING: [Synth 8-3917] design mxfp8_dotp has port result_o[3] driven by constant 0
WARNING: [Synth 8-3917] design mxfp8_dotp has port result_o[2] driven by constant 0
WARNING: [Synth 8-3917] design mxfp8_dotp has port result_o[1] driven by constant 0
WARNING: [Synth 8-3917] design mxfp8_dotp has port result_o[0] driven by constant 0
WARNING: [Synth 8-7129] Port clk in module adder_tree is either unconnected or has no load
WARNING: [Synth 8-7129] Port info_o[31][is_boxed] in module mxfp8_classifier is either unconnected or has no load
WARNING: [Synth 8-7129] Port info_o[30][is_boxed] in module mxfp8_classifier is either unconnected or has no load
WARNING: [Synth 8-7129] Port info_o[29][is_boxed] in module mxfp8_classifier is either unconnected or has no load
WARNING: [Synth 8-7129] Port info_o[28][is_boxed] in module mxfp8_classifier is either unconnected or has no load
WARNING: [Synth 8-7129] Port info_o[27][is_boxed] in module mxfp8_classifier is either unconnected or has no load
WARNING: [Synth 8-7129] Port info_o[26][is_boxed] in module mxfp8_classifier is either unconnected or has no load
WARNING: [Synth 8-7129] Port info_o[25][is_boxed] in module mxfp8_classifier is either unconnected or has no load
WARNING: [Synth 8-7129] Port info_o[24][is_boxed] in module mxfp8_classifier is either unconnected or has no load
WARNING: [Synth 8-7129] Port info_o[23][is_boxed] in module mxfp8_classifier is either unconnected or has no load
WARNING: [Synth 8-7129] Port info_o[22][is_boxed] in module mxfp8_classifier is either unconnected or has no load
WARNING: [Synth 8-7129] Port info_o[21][is_boxed] in module mxfp8_classifier is either unconnected or has no load
WARNING: [Synth 8-7129] Port info_o[20][is_boxed] in module mxfp8_classifier is either unconnected or has no load
WARNING: [Synth 8-7129] Port info_o[19][is_boxed] in module mxfp8_classifier is either unconnected or has no load
WARNING: [Synth 8-7129] Port info_o[18][is_boxed] in module mxfp8_classifier is either unconnected or has no load
WARNING: [Synth 8-7129] Port info_o[17][is_boxed] in module mxfp8_classifier is either unconnected or has no load
WARNING: [Synth 8-7129] Port info_o[16][is_boxed] in module mxfp8_classifier is either unconnected or has no load
WARNING: [Synth 8-7129] Port info_o[15][is_boxed] in module mxfp8_classifier is either unconnected or has no load
WARNING: [Synth 8-7129] Port info_o[14][is_boxed] in module mxfp8_classifier is either unconnected or has no load
WARNING: [Synth 8-7129] Port info_o[13][is_boxed] in module mxfp8_classifier is either unconnected or has no load
WARNING: [Synth 8-7129] Port info_o[12][is_boxed] in module mxfp8_classifier is either unconnected or has no load
WARNING: [Synth 8-7129] Port info_o[11][is_boxed] in module mxfp8_classifier is either unconnected or has no load
WARNING: [Synth 8-7129] Port info_o[10][is_boxed] in module mxfp8_classifier is either unconnected or has no load
WARNING: [Synth 8-7129] Port info_o[9][is_boxed] in module mxfp8_classifier is either unconnected or has no load
WARNING: [Synth 8-7129] Port info_o[8][is_boxed] in module mxfp8_classifier is either unconnected or has no load
WARNING: [Synth 8-7129] Port info_o[7][is_boxed] in module mxfp8_classifier is either unconnected or has no load
WARNING: [Synth 8-7129] Port info_o[6][is_boxed] in module mxfp8_classifier is either unconnected or has no load
WARNING: [Synth 8-7129] Port info_o[5][is_boxed] in module mxfp8_classifier is either unconnected or has no load
WARNING: [Synth 8-7129] Port info_o[4][is_boxed] in module mxfp8_classifier is either unconnected or has no load
WARNING: [Synth 8-7129] Port info_o[3][is_boxed] in module mxfp8_classifier is either unconnected or has no load
WARNING: [Synth 8-7129] Port info_o[2][is_boxed] in module mxfp8_classifier is either unconnected or has no load
WARNING: [Synth 8-7129] Port info_o[1][is_boxed] in module mxfp8_classifier is either unconnected or has no load
WARNING: [Synth 8-7129] Port info_o[0][is_boxed] in module mxfp8_classifier is either unconnected or has no load
WARNING: [Synth 8-7129] Port dst_fmt_i[1] in module mxfp8_dotp is either unconnected or has no load
WARNING: [Synth 8-7129] Port dst_fmt_i[0] in module mxfp8_dotp is either unconnected or has no load
---------------------------------------------------------------------------------
Finished Synthesize : Time (s): cpu = 00:00:05 ; elapsed = 00:00:06 . Memory (MB): peak = 1143.648 ; gain = 637.980
---------------------------------------------------------------------------------
---------------------------------------------------------------------------------
Finished Constraint Validation : Time (s): cpu = 00:00:05 ; elapsed = 00:00:06 . Memory (MB): peak = 1143.648 ; gain = 637.980
---------------------------------------------------------------------------------
---------------------------------------------------------------------------------
Start Loading Part and Timing Information
---------------------------------------------------------------------------------
Loading part: xc7a100tlfgg484-2L
---------------------------------------------------------------------------------
INFO: [Device 21-403] Loading part xc7a100tlfgg484-2L
Finished Loading Part and Timing Information : Time (s): cpu = 00:00:05 ; elapsed = 00:00:06 . Memory (MB): peak = 1143.648 ; gain = 637.980
---------------------------------------------------------------------------------
---------------------------------------------------------------------------------
Finished RTL Optimization Phase 2 : Time (s): cpu = 00:00:07 ; elapsed = 00:00:07 . Memory (MB): peak = 1143.648 ; gain = 637.980
---------------------------------------------------------------------------------
No constraint files found.
---------------------------------------------------------------------------------
Start RTL Component Statistics 
---------------------------------------------------------------------------------
Detailed RTL Component Info : 
+---Adders : 
	   2 Input   22 Bit       Adders := 2     
	   3 Input   18 Bit       Adders := 1     
	   2 Input   17 Bit       Adders := 1     
	   2 Input   16 Bit       Adders := 32    
	   2 Input    9 Bit       Adders := 1     
	   3 Input    9 Bit       Adders := 1     
	   7 Input    8 Bit       Adders := 32    
	   3 Input    8 Bit       Adders := 34    
	   2 Input    8 Bit       Adders := 1     
+---XORs : 
	   2 Input      1 Bit         XORs := 582   
	   3 Input      1 Bit         XORs := 275   
+---Registers : 
	               16 Bit    Registers := 1     
	                8 Bit    Registers := 1     
	                1 Bit    Registers := 1     
+---Muxes : 
	   2 Input   25 Bit        Muxes := 1     
	   2 Input   22 Bit        Muxes := 1     
	   2 Input   18 Bit        Muxes := 1     
	   2 Input   17 Bit        Muxes := 2     
	   2 Input   16 Bit        Muxes := 66    
	   2 Input    8 Bit        Muxes := 34    
	   2 Input    5 Bit        Muxes := 66    
	   2 Input    3 Bit        Muxes := 64    
	   2 Input    1 Bit        Muxes := 768   
---------------------------------------------------------------------------------
Finished RTL Component Statistics 
---------------------------------------------------------------------------------
---------------------------------------------------------------------------------
Start Part Resource Summary
---------------------------------------------------------------------------------
Part Resources:
DSPs: 240 (col length:80)
BRAMs: 270 (col length: RAMB18 80 RAMB36 40)
---------------------------------------------------------------------------------
Finished Part Resource Summary
---------------------------------------------------------------------------------
No constraint files found.
---------------------------------------------------------------------------------
Start Cross Boundary and Area Optimization
---------------------------------------------------------------------------------
WARNING: [Synth 8-7080] Parallel synthesis criteria is not met
WARNING: [Synth 8-3917] design mxfp8_dotp has port result_o[7] driven by constant 0
WARNING: [Synth 8-3917] design mxfp8_dotp has port result_o[6] driven by constant 0
WARNING: [Synth 8-3917] design mxfp8_dotp has port result_o[5] driven by constant 0
WARNING: [Synth 8-3917] design mxfp8_dotp has port result_o[4] driven by constant 0
WARNING: [Synth 8-3917] design mxfp8_dotp has port result_o[3] driven by constant 0
WARNING: [Synth 8-3917] design mxfp8_dotp has port result_o[2] driven by constant 0
WARNING: [Synth 8-3917] design mxfp8_dotp has port result_o[1] driven by constant 0
WARNING: [Synth 8-3917] design mxfp8_dotp has port result_o[0] driven by constant 0
WARNING: [Synth 8-7129] Port clk in module adder_tree is either unconnected or has no load
WARNING: [Synth 8-7129] Port info_o[31][is_boxed] in module mxfp8_classifier is either unconnected or has no load
WARNING: [Synth 8-7129] Port info_o[30][is_boxed] in module mxfp8_classifier is either unconnected or has no load
WARNING: [Synth 8-7129] Port info_o[29][is_boxed] in module mxfp8_classifier is either unconnected or has no load
WARNING: [Synth 8-7129] Port info_o[28][is_boxed] in module mxfp8_classifier is either unconnected or has no load
WARNING: [Synth 8-7129] Port info_o[27][is_boxed] in module mxfp8_classifier is either unconnected or has no load
WARNING: [Synth 8-7129] Port info_o[26][is_boxed] in module mxfp8_classifier is either unconnected or has no load
WARNING: [Synth 8-7129] Port info_o[25][is_boxed] in module mxfp8_classifier is either unconnected or has no load
WARNING: [Synth 8-7129] Port info_o[24][is_boxed] in module mxfp8_classifier is either unconnected or has no load
WARNING: [Synth 8-7129] Port info_o[23][is_boxed] in module mxfp8_classifier is either unconnected or has no load
WARNING: [Synth 8-7129] Port info_o[22][is_boxed] in module mxfp8_classifier is either unconnected or has no load
WARNING: [Synth 8-7129] Port info_o[21][is_boxed] in module mxfp8_classifier is either unconnected or has no load
WARNING: [Synth 8-7129] Port info_o[20][is_boxed] in module mxfp8_classifier is either unconnected or has no load
WARNING: [Synth 8-7129] Port info_o[19][is_boxed] in module mxfp8_classifier is either unconnected or has no load
WARNING: [Synth 8-7129] Port info_o[18][is_boxed] in module mxfp8_classifier is either unconnected or has no load
WARNING: [Synth 8-7129] Port info_o[17][is_boxed] in module mxfp8_classifier is either unconnected or has no load
WARNING: [Synth 8-7129] Port info_o[16][is_boxed] in module mxfp8_classifier is either unconnected or has no load
WARNING: [Synth 8-7129] Port info_o[15][is_boxed] in module mxfp8_classifier is either unconnected or has no load
WARNING: [Synth 8-7129] Port info_o[14][is_boxed] in module mxfp8_classifier is either unconnected or has no load
WARNING: [Synth 8-7129] Port info_o[13][is_boxed] in module mxfp8_classifier is either unconnected or has no load
WARNING: [Synth 8-7129] Port info_o[12][is_boxed] in module mxfp8_classifier is either unconnected or has no load
WARNING: [Synth 8-7129] Port info_o[11][is_boxed] in module mxfp8_classifier is either unconnected or has no load
WARNING: [Synth 8-7129] Port info_o[10][is_boxed] in module mxfp8_classifier is either unconnected or has no load
WARNING: [Synth 8-7129] Port info_o[9][is_boxed] in module mxfp8_classifier is either unconnected or has no load
WARNING: [Synth 8-7129] Port info_o[8][is_boxed] in module mxfp8_classifier is either unconnected or has no load
WARNING: [Synth 8-7129] Port info_o[7][is_boxed] in module mxfp8_classifier is either unconnected or has no load
WARNING: [Synth 8-7129] Port info_o[6][is_boxed] in module mxfp8_classifier is either unconnected or has no load
WARNING: [Synth 8-7129] Port info_o[5][is_boxed] in module mxfp8_classifier is either unconnected or has no load
WARNING: [Synth 8-7129] Port info_o[4][is_boxed] in module mxfp8_classifier is either unconnected or has no load
WARNING: [Synth 8-7129] Port info_o[3][is_boxed] in module mxfp8_classifier is either unconnected or has no load
WARNING: [Synth 8-7129] Port info_o[2][is_boxed] in module mxfp8_classifier is either unconnected or has no load
WARNING: [Synth 8-7129] Port info_o[1][is_boxed] in module mxfp8_classifier is either unconnected or has no load
WARNING: [Synth 8-7129] Port info_o[0][is_boxed] in module mxfp8_classifier is either unconnected or has no load
WARNING: [Synth 8-7129] Port dst_fmt_i[1] in module mxfp8_dotp is either unconnected or has no load
WARNING: [Synth 8-7129] Port dst_fmt_i[0] in module mxfp8_dotp is either unconnected or has no load
---------------------------------------------------------------------------------
Finished Cross Boundary and Area Optimization : Time (s): cpu = 00:00:23 ; elapsed = 00:00:25 . Memory (MB): peak = 1540.172 ; gain = 1034.504
---------------------------------------------------------------------------------
No constraint files found.
---------------------------------------------------------------------------------
Start Timing Optimization
---------------------------------------------------------------------------------
---------------------------------------------------------------------------------
Finished Timing Optimization : Time (s): cpu = 00:00:23 ; elapsed = 00:00:25 . Memory (MB): peak = 1544.551 ; gain = 1038.883
---------------------------------------------------------------------------------
---------------------------------------------------------------------------------
Start Technology Mapping
---------------------------------------------------------------------------------
---------------------------------------------------------------------------------
Finished Technology Mapping : Time (s): cpu = 00:00:25 ; elapsed = 00:00:27 . Memory (MB): peak = 1544.551 ; gain = 1038.883
---------------------------------------------------------------------------------
---------------------------------------------------------------------------------
Start IO Insertion
---------------------------------------------------------------------------------
---------------------------------------------------------------------------------
Start Flattening Before IO Insertion
---------------------------------------------------------------------------------
---------------------------------------------------------------------------------
Finished Flattening Before IO Insertion
---------------------------------------------------------------------------------
---------------------------------------------------------------------------------
Start Final Netlist Cleanup
---------------------------------------------------------------------------------
---------------------------------------------------------------------------------
Finished Final Netlist Cleanup
---------------------------------------------------------------------------------
---------------------------------------------------------------------------------
Finished IO Insertion : Time (s): cpu = 00:00:27 ; elapsed = 00:00:29 . Memory (MB): peak = 1574.727 ; gain = 1069.059
---------------------------------------------------------------------------------
---------------------------------------------------------------------------------
Start Renaming Generated Instances
---------------------------------------------------------------------------------
---------------------------------------------------------------------------------
Finished Renaming Generated Instances : Time (s): cpu = 00:00:27 ; elapsed = 00:00:29 . Memory (MB): peak = 1574.727 ; gain = 1069.059
---------------------------------------------------------------------------------
---------------------------------------------------------------------------------
Start Rebuilding User Hierarchy
---------------------------------------------------------------------------------
---------------------------------------------------------------------------------
Finished Rebuilding User Hierarchy : Time (s): cpu = 00:00:27 ; elapsed = 00:00:29 . Memory (MB): peak = 1574.727 ; gain = 1069.059
---------------------------------------------------------------------------------
---------------------------------------------------------------------------------
Start Renaming Generated Ports
---------------------------------------------------------------------------------
---------------------------------------------------------------------------------
Finished Renaming Generated Ports : Time (s): cpu = 00:00:27 ; elapsed = 00:00:29 . Memory (MB): peak = 1574.727 ; gain = 1069.059
---------------------------------------------------------------------------------
---------------------------------------------------------------------------------
Start Handling Custom Attributes
---------------------------------------------------------------------------------
---------------------------------------------------------------------------------
Finished Handling Custom Attributes : Time (s): cpu = 00:00:27 ; elapsed = 00:00:29 . Memory (MB): peak = 1574.727 ; gain = 1069.059
---------------------------------------------------------------------------------
---------------------------------------------------------------------------------
Start Renaming Generated Nets
---------------------------------------------------------------------------------
---------------------------------------------------------------------------------
Finished Renaming Generated Nets : Time (s): cpu = 00:00:27 ; elapsed = 00:00:29 . Memory (MB): peak = 1574.727 ; gain = 1069.059
---------------------------------------------------------------------------------
---------------------------------------------------------------------------------
Start Writing Synthesis Report
---------------------------------------------------------------------------------

Report BlackBoxes: 
+-+--------------+----------+
| |BlackBox name |Instances |
+-+--------------+----------+
+-+--------------+----------+

Report Cell Usage: 
+------+-------+------+
|      |Cell   |Count |
+------+-------+------+
|1     |BUFG   |     1|
|2     |CARRY4 |   318|
|3     |LUT1   |    73|
|4     |LUT2   |   242|
|5     |LUT3   |  1035|
|6     |LUT4   |  1043|
|7     |LUT5   |  1266|
|8     |LUT6   |  1980|
|9     |FDRE   |    25|
|10    |IBUF   |   533|
|11    |OBUF   |    32|
+------+-------+------+

Report Instance Areas: 
+------+---------------+------------------------+------+
|      |Instance       |Module                  |Cells |
+------+---------------+------------------------+------+
|1     |top            |                        |  6548|
|2     |  u_mxfp8_mult |mxfp8_mult              |    32|
|3     |  u_adder_tree |adder_tree              |  3790|
|4     |  u_fp32_acc   |stage8_fp32_accumulator |   267|
+------+---------------+------------------------+------+
---------------------------------------------------------------------------------
Finished Writing Synthesis Report : Time (s): cpu = 00:00:27 ; elapsed = 00:00:29 . Memory (MB): peak = 1574.727 ; gain = 1069.059
---------------------------------------------------------------------------------
Synthesis finished with 0 errors, 0 critical warnings and 126 warnings.
Synthesis Optimization Runtime : Time (s): cpu = 00:00:27 ; elapsed = 00:00:29 . Memory (MB): peak = 1574.727 ; gain = 1069.059
Synthesis Optimization Complete : Time (s): cpu = 00:00:27 ; elapsed = 00:00:29 . Memory (MB): peak = 1574.727 ; gain = 1069.059
INFO: [Project 1-571] Translating synthesized netlist
Netlist sorting complete. Time (s): cpu = 00:00:00 ; elapsed = 00:00:00.034 . Memory (MB): peak = 1588.824 ; gain = 0.000
INFO: [Netlist 29-17] Analyzing 318 Unisim elements for replacement
INFO: [Netlist 29-28] Unisim Transformation completed in 0 CPU seconds
INFO: [Project 1-570] Preparing netlist for logic optimization
INFO: [Opt 31-138] Pushed 0 inverter(s) to 0 load pin(s).
Netlist sorting complete. Time (s): cpu = 00:00:00 ; elapsed = 00:00:00.001 . Memory (MB): peak = 1676.871 ; gain = 0.000
INFO: [Project 1-111] Unisim Transformation Summary:
No Unisim elements were transformed.

Synth Design complete | Checksum: 2890ab2a
INFO: [Common 17-83] Releasing license: Synthesis
41 Infos, 126 Warnings, 0 Critical Warnings and 0 Errors encountered.
synth_design completed successfully
synth_design: Time (s): cpu = 00:00:29 ; elapsed = 00:00:32 . Memory (MB): peak = 1677.121 ; gain = 1178.461
Write ShapeDB Complete: Time (s): cpu = 00:00:00 ; elapsed = 00:00:00.011 . Memory (MB): peak = 1677.121 ; gain = 0.000
INFO: [Common 17-1381] The checkpoint 'D:/Master2_1/Master_thesis/MX-tensorcore-with-RISC-V-extension/mxfp8/mxfp8.runs/synth_1/mxfp8_dotp.dcp' has been generated.
INFO: [Vivado 12-24828] Executing command : report_utilization -file mxfp8_dotp_utilization_synth.rpt -pb mxfp8_dotp_utilization_synth.pb
INFO: [Common 17-206] Exiting Vivado at Thu Nov 13 14:32:24 2025...
