Time resolution is 1 ps
------ E5M2 Multiplier Testbench Start ------

----------------------------------------
A = 0b00000000 (0.000000),  B = 0b00000000 (0.000000)
Expected (SW): 0b00000000  (0.000000e+00)
DUT Output  : 0b00000000  (0.000000e+00)
----------------------------------------


----------------------------------------
A = 0b00000000 (0.000000),  B = 0b01111011 (57344.000000)
Expected (SW): 0b00000000  (0.000000e+00)
DUT Output  : 0b00000000  (0.000000e+00)
----------------------------------------


----------------------------------------
A = 0b00000000 (0.000000),  B = 0b11111000 (-32768.000000)
Expected (SW): 0b00000000  (-0.000000e+00)
DUT Output  : 0b10000000  (0.000000e+00)
----------------------------------------


----------------------------------------
A = 0b01111100 (inf),  B = 0b01111100 (inf)
Expected (SW): 0b01111100  (inf)
DUT Output  : 0b01111100  (inf)
DUT flag: Inf
----------------------------------------


----------------------------------------
A = 0b11111100 (-inf),  B = 0b01111100 (inf)
Expected (SW): 0b11111100  (-inf)
DUT Output  : 0b11111100  (-inf)
DUT flag: Inf
----------------------------------------


----------------------------------------
A = 0b01111100 (inf),  B = 0b00000000 (0.000000)
Expected (SW): 0b00111100  (-nan(ind))
DUT Output  : 0b01111101  (nan)
DUT flag: NaN
----------------------------------------


----------------------------------------
A = 0b01111101 (nan),  B = 0b00000000 (0.000000)
Expected (SW): 0b00111100  (nan)
DUT Output  : 0b01111101  (nan)
DUT flag: NaN
----------------------------------------


----------------------------------------
A = 0b00101000 (0.031250),  B = 0b00101000 (0.031250)
Expected (SW): 0b00010101  (9.765625e-04)
DUT Output  : 0b00010100  (9.765625e-04)
----------------------------------------


----------------------------------------
A = 0b01111011 (57344.000000),  B = 0b01111011 (57344.000000)
Expected (SW): 0b01111100  (3.288334e+09)
DUT Output  : 0b01111100  (inf)
DUT flag: Inf
----------------------------------------


----------------------------------------
A = 0b00000001 (0.000015),  B = 0b00100000 (0.007812)
Expected (SW): 0b00000001  (1.192093e-07)
DUT Output  : 0b00000000  (0.000000e+00)
DUT flag: Inf
----------------------------------------


----------------------------------------
A = 0b00000011 (0.000046),  B = 0b00100000 (0.007812)
Expected (SW): 0b00000001  (3.576279e-07)
DUT Output  : 0b00000000  (0.000000e+00)
DUT flag: Inf
----------------------------------------


----------------------------------------
A = 0b10100000 (-0.007812),  B = 0b00100000 (0.007812)
Expected (SW): 0b10000101  (-6.103516e-05)
DUT Output  : 0b10000100  (-6.103516e-05)
----------------------------------------


----------------------------------------
A = 0b10100000 (-0.007812),  B = 0b10100000 (-0.007812)
Expected (SW): 0b00000101  (6.103516e-05)
DUT Output  : 0b00000100  (6.103516e-05)
----------------------------------------


----------------------------------------
A = 0b01000000 (2.000000),  B = 0b01000000 (2.000000)
Expected (SW): 0b01000101  (4.000000e+00)
DUT Output  : 0b01000100  (4.000000e+00)
----------------------------------------


----------------------------------------
A = 0b01010011 (56.000000),  B = 0b01001100 (16.000000)
Expected (SW): 0b01100100  (8.960000e+02)
DUT Output  : 0b01100011  (8.960000e+02)
----------------------------------------

------ E5M2 Multiplier Testbench End ------
$finish called at time : 15 ns : File "D:/Master2_1/Master_thesis/MX-tensorcore-with-RISC-V-extension/Mult_e5m2/Mult_e5m2.srcs/sim_1/imports/e5m2_pe/tb_e5m2_MULT.sv" Line 142
