INFO: [VRFC 10-2263] Analyzing SystemVerilog file "C:/master_thesis/MX-tensorcore-with-RISC-V-extension/mxfp8/mxfp8.srcs/sources_1/new/adder_tree.sv" into library xil_defaultlib
INFO: [VRFC 10-311] analyzing module adder_tree
INFO: [VRFC 10-311] analyzing module align_unit
INFO: [VRFC 10-311] analyzing module exp_max
INFO: [VRFC 10-311] analyzing module exp_diff
INFO: [VRFC 10-311] analyzing module barrel_shifter
INFO: [VRFC 10-2263] Analyzing SystemVerilog file "C:/master_thesis/MX-tensorcore-with-RISC-V-extension/mxfp8/mxfp8.srcs/sources_1/new/controller.sv" into library xil_defaultlib
INFO: [VRFC 10-311] analyzing module controller
INFO: [VRFC 10-311] analyzing module ceiling_counter
INFO: [VRFC 10-2263] Analyzing SystemVerilog file "C:/master_thesis/MX-tensorcore-with-RISC-V-extension/mxfp8/mxfp8.srcs/sources_1/new/fp32_accumulation.sv" into library xil_defaultlib
INFO: [VRFC 10-311] analyzing module fp32_accumulator
WARNING: [VRFC 10-3380] identifier 'mant_abs' is used before its declaration [C:/master_thesis/MX-tensorcore-with-RISC-V-extension/mxfp8/mxfp8.srcs/sources_1/new/fp32_accumulation.sv:90]
WARNING: [VRFC 10-3380] identifier 'mant_abs' is used before its declaration [C:/master_thesis/MX-tensorcore-with-RISC-V-extension/mxfp8/mxfp8.srcs/sources_1/new/fp32_accumulation.sv:92]
INFO: [VRFC 10-2263] Analyzing SystemVerilog file "C:/master_thesis/MX-tensorcore-with-RISC-V-extension/mxfp8/mxfp8.srcs/sources_1/new/mxfp8_pkg.sv" into library xil_defaultlib
WARNING: [VRFC 10-9547] assignment pattern cannot be used in static casting [C:/master_thesis/MX-tensorcore-with-RISC-V-extension/mxfp8/mxfp8.srcs/sources_1/new/mxfp8_pkg.sv:31]
WARNING: [VRFC 10-9547] assignment pattern cannot be used in static casting [C:/master_thesis/MX-tensorcore-with-RISC-V-extension/mxfp8/mxfp8.srcs/sources_1/new/mxfp8_pkg.sv:32]
WARNING: [VRFC 10-9547] assignment pattern cannot be used in static casting [C:/master_thesis/MX-tensorcore-with-RISC-V-extension/mxfp8/mxfp8.srcs/sources_1/new/mxfp8_pkg.sv:33]
INFO: [VRFC 10-2263] Analyzing SystemVerilog file "C:/master_thesis/MX-tensorcore-with-RISC-V-extension/mxfp8/mxfp8.srcs/sources_1/new/mxfp8_classifier.sv" into library xil_defaultlib
INFO: [VRFC 10-311] analyzing module mxfp8_classifier
INFO: [VRFC 10-2263] Analyzing SystemVerilog file "C:/master_thesis/MX-tensorcore-with-RISC-V-extension/mxfp8/mxfp8.srcs/sources_1/new/mxfp8_dotp.sv" into library xil_defaultlib
INFO: [VRFC 10-311] analyzing module mxfp8_dotp
INFO: [VRFC 10-2263] Analyzing SystemVerilog file "C:/master_thesis/MX-tensorcore-with-RISC-V-extension/mxfp8/mxfp8.srcs/sources_1/new/mxfp8_mult.sv" into library xil_defaultlib
INFO: [VRFC 10-311] analyzing module mxfp8_mult
INFO: [VRFC 10-2263] Analyzing SystemVerilog file "C:/master_thesis/MX-tensorcore-with-RISC-V-extension/mxfp8/mxfp8.srcs/sim_1/new/tb_top.sv" into library xil_defaultlib
INFO: [VRFC 10-311] analyzing module mxfp8_dotp_tb
WARNING: [VRFC 10-3248] data object 'acc_golden' is already declared [C:/master_thesis/MX-tensorcore-with-RISC-V-extension/mxfp8/mxfp8.srcs/sim_1/new/tb_top.sv:58]
WARNING: [VRFC 10-9364] second declaration of 'acc_golden' is ignored [C:/master_thesis/MX-tensorcore-with-RISC-V-extension/mxfp8/mxfp8.srcs/sim_1/new/tb_top.sv:58]
